{"/Users/villeheikkila/Github/tira-pathsearch/src/main.ts": {"path":"/Users/villeheikkila/Github/tira-pathsearch/src/main.ts","statementMap":{"0":{"start":{"line":1,"column":13},"end":{"line":1,"column":34}},"1":{"start":{"line":2,"column":0},"end":{"line":2,"column":45}},"2":{"start":{"line":5,"column":17},"end":{"line":5,"column":31}},"3":{"start":{"line":7,"column":0},"end":{"line":7,"column":25}},"4":{"start":{"line":8,"column":0},"end":{"line":8,"column":25}},"5":{"start":{"line":9,"column":0},"end":{"line":9,"column":25}},"6":{"start":{"line":10,"column":0},"end":{"line":10,"column":25}},"7":{"start":{"line":12,"column":0},"end":{"line":12,"column":29}},"8":{"start":{"line":13,"column":0},"end":{"line":13,"column":29}},"9":{"start":{"line":14,"column":0},"end":{"line":14,"column":29}},"10":{"start":{"line":15,"column":0},"end":{"line":15,"column":29}},"11":{"start":{"line":16,"column":0},"end":{"line":16,"column":29}},"12":{"start":{"line":17,"column":0},"end":{"line":17,"column":29}},"13":{"start":{"line":18,"column":0},"end":{"line":18,"column":29}},"14":{"start":{"line":19,"column":0},"end":{"line":19,"column":29}},"15":{"start":{"line":22,"column":0},"end":{"line":24,"column":null}},"16":{"start":{"line":23,"column":4},"end":{"line":23,"column":37}}},"fnMap":{},"branchMap":{"0":{"loc":{"start":{"line":22,"column":0},"end":{"line":24,"column":null}},"type":"if","locations":[{"start":{"line":22,"column":0},"end":{"line":24,"column":null}},{"start":{"line":22,"column":0},"end":{"line":24,"column":null}}]}},"s":{"0":0,"1":0,"2":0,"3":0,"4":0,"5":0,"6":0,"7":0,"8":0,"9":0,"10":0,"11":0,"12":0,"13":0,"14":0,"15":0,"16":0},"f":{},"b":{"0":[0,0]}}
,"/Users/villeheikkila/Github/tira-pathsearch/src/algorithms/dijkstra.ts": {"path":"/Users/villeheikkila/Github/tira-pathsearch/src/algorithms/dijkstra.ts","statementMap":{"0":{"start":{"line":1,"column":0},"end":{"line":1,"column":30}},"1":{"start":{"line":13,"column":8},"end":{"line":13,"column":34}},"2":{"start":{"line":25,"column":29},"end":{"line":25,"column":31}},"3":{"start":{"line":26,"column":19},"end":{"line":26,"column":23}},"4":{"start":{"line":28,"column":8},"end":{"line":41,"column":null}},"5":{"start":{"line":29,"column":42},"end":{"line":29,"column":46}},"6":{"start":{"line":30,"column":22},"end":{"line":30,"column":30}},"7":{"start":{"line":32,"column":12},"end":{"line":37,"column":null}},"8":{"start":{"line":33,"column":16},"end":{"line":36,"column":null}},"9":{"start":{"line":34,"column":20},"end":{"line":34,"column":33}},"10":{"start":{"line":35,"column":20},"end":{"line":35,"column":38}},"11":{"start":{"line":39,"column":12},"end":{"line":39,"column":39}},"12":{"start":{"line":40,"column":12},"end":{"line":40,"column":28}},"13":{"start":{"line":43,"column":8},"end":{"line":43,"column":20}},"14":{"start":{"line":53,"column":8},"end":{"line":53,"column":48}},"15":{"start":{"line":65,"column":8},"end":{"line":65,"column":56}},"16":{"start":{"line":6,"column":0},"end":{"line":6,"column":21}}},"fnMap":{"0":{"name":"(anonymous_0)","decl":{"start":{"line":12,"column":4},"end":{"line":12,"column":null}},"loc":{"start":{"line":12,"column":4},"end":{"line":14,"column":5}}},"1":{"name":"(anonymous_1)","decl":{"start":{"line":24,"column":4},"end":{"line":24,"column":8}},"loc":{"start":{"line":24,"column":36},"end":{"line":44,"column":5}}},"2":{"name":"(anonymous_2)","decl":{"start":{"line":52,"column":4},"end":{"line":52,"column":16}},"loc":{"start":{"line":52,"column":31},"end":{"line":54,"column":5}}},"3":{"name":"(anonymous_3)","decl":{"start":{"line":64,"column":4},"end":{"line":64,"column":14}},"loc":{"start":{"line":64,"column":63},"end":{"line":66,"column":5}}}},"branchMap":{"0":{"loc":{"start":{"line":33,"column":16},"end":{"line":36,"column":null}},"type":"if","locations":[{"start":{"line":33,"column":16},"end":{"line":36,"column":null}},{"start":{"line":33,"column":16},"end":{"line":36,"column":null}}]}},"s":{"0":1,"1":1,"2":1,"3":1,"4":1,"5":2,"6":2,"7":2,"8":4,"9":3,"10":3,"11":2,"12":2,"13":1,"14":4,"15":8,"16":1},"f":{"0":1,"1":1,"2":4,"3":8},"b":{"0":[3,1]}}
,"/Users/villeheikkila/Github/tira-pathsearch/src/algorithms/vertex.ts": {"path":"/Users/villeheikkila/Github/tira-pathsearch/src/algorithms/vertex.ts","statementMap":{"0":{"start":{"line":11,"column":8},"end":{"line":11,"column":29}},"1":{"start":{"line":12,"column":8},"end":{"line":12,"column":24}},"2":{"start":{"line":16,"column":8},"end":{"line":16,"column":44}},"3":{"start":{"line":6,"column":0},"end":{"line":6,"column":21}}},"fnMap":{"0":{"name":"(anonymous_0)","decl":{"start":{"line":10,"column":4},"end":{"line":10,"column":16}},"loc":{"start":{"line":10,"column":30},"end":{"line":13,"column":5}}},"1":{"name":"(anonymous_1)","decl":{"start":{"line":15,"column":4},"end":{"line":15,"column":14}},"loc":{"start":{"line":15,"column":45},"end":{"line":17,"column":5}}}},"branchMap":{},"s":{"0":4,"1":4,"2":8,"3":1},"f":{"0":4,"1":8},"b":{}}
}
