TN:
SF:src/main.ts
FNF:0
FNH:0
DA:1,0
DA:2,0
DA:5,0
DA:7,0
DA:8,0
DA:9,0
DA:10,0
DA:12,0
DA:13,0
DA:14,0
DA:15,0
DA:16,0
DA:17,0
DA:18,0
DA:19,0
DA:22,0
DA:23,0
LF:17
LH:0
BRDA:22,0,0,0
BRDA:22,0,1,0
BRF:2
BRH:0
end_of_record
TN:
SF:src/algorithms/dijkstra.ts
FN:12,(anonymous_0)
FN:24,(anonymous_1)
FN:52,(anonymous_2)
FN:64,(anonymous_3)
FNF:4
FNH:4
FNDA:1,(anonymous_0)
FNDA:1,(anonymous_1)
FNDA:4,(anonymous_2)
FNDA:8,(anonymous_3)
DA:1,1
DA:6,1
DA:13,1
DA:25,1
DA:26,1
DA:28,1
DA:29,2
DA:30,2
DA:32,2
DA:33,4
DA:34,3
DA:35,3
DA:39,2
DA:40,2
DA:43,1
DA:53,4
DA:65,8
LF:17
LH:17
BRDA:33,0,0,3
BRDA:33,0,1,1
BRF:2
BRH:2
end_of_record
TN:
SF:src/algorithms/vertex.ts
FN:10,(anonymous_0)
FN:15,(anonymous_1)
FNF:2
FNH:2
FNDA:4,(anonymous_0)
FNDA:8,(anonymous_1)
DA:6,1
DA:11,4
DA:12,4
DA:16,8
LF:4
LH:4
BRF:0
BRH:0
end_of_record
